This is pdfTeX, Version 3.14159265-2.6-1.40.17 (TeX Live 2016) (preloaded format=latex 2016.5.22)  10 JUL 2017 11:12
entering extended mode
 restricted \write18 enabled.
 %&-line parsing enabled.
**EDGE_Manual.t
(/usr/local/texlive/2016/texmf-dist/tex/latex/tools/q.tex
! Interruption.
<to be read again> 
                   \begingroup 
l.1 
    %%
? exit
 
Here is how much of TeX's memory you used:
 8 strings out of 493015
 267 string characters out of 6133377
 53598 words of memory out of 5000000
 3648 multiletter control sequences out of 15000+600000
 3640 words of font info for 14 fonts, out of 8000000 for 9000
 1141 hyphenation exceptions out of 8191
 3i,0n,1p,23b,6s stack positions out of 5000i,500n,10000p,200000b,80000s
No pages of output.
